c:\users\sebas\desktop\asign\terceraño\tpv2\tpv2_p2_asteroids_2021\tpv2\tpv2\x64\debug\vc142.pdb
c:\users\sebas\desktop\asign\terceraño\tpv2\tpv2_p2_asteroids_2021\tpv2\tpv2\x64\debug\vc142.idb
c:\users\sebas\desktop\asign\terceraño\tpv2\tpv2_p2_asteroids_2021\tpv2\tpv2\x64\debug\fightersystem.obj
c:\users\sebas\desktop\asign\terceraño\tpv2\tpv2_p2_asteroids_2021\tpv2\tpv2\x64\debug\bulletsystem.obj
c:\users\sebas\desktop\asign\terceraño\tpv2\tpv2_p2_asteroids_2021\tpv2\tpv2\x64\debug\texture.obj
c:\users\sebas\desktop\asign\terceraño\tpv2\tpv2_p2_asteroids_2021\tpv2\tpv2\x64\debug\soundeffect.obj
c:\users\sebas\desktop\asign\terceraño\tpv2\tpv2_p2_asteroids_2021\tpv2\tpv2\x64\debug\sdlutils.obj
c:\users\sebas\desktop\asign\terceraño\tpv2\tpv2_p2_asteroids_2021\tpv2\tpv2\x64\debug\sdlutils_demo.obj
c:\users\sebas\desktop\asign\terceraño\tpv2\tpv2_p2_asteroids_2021\tpv2\tpv2\x64\debug\main.obj
c:\users\sebas\desktop\asign\terceraño\tpv2\tpv2_p2_asteroids_2021\tpv2\tpv2\x64\debug\jsonvalue.obj
c:\users\sebas\desktop\asign\terceraño\tpv2\tpv2_p2_asteroids_2021\tpv2\tpv2\x64\debug\json.obj
c:\users\sebas\desktop\asign\terceraño\tpv2\tpv2_p2_asteroids_2021\tpv2\tpv2\x64\debug\somplejson_demo.obj
c:\users\sebas\desktop\asign\terceraño\tpv2\tpv2_p2_asteroids_2021\tpv2\tpv2\x64\debug\game.obj
c:\users\sebas\desktop\asign\terceraño\tpv2\tpv2_p2_asteroids_2021\tpv2\tpv2\x64\debug\state.obj
c:\users\sebas\desktop\asign\terceraño\tpv2\tpv2_p2_asteroids_2021\tpv2\tpv2\x64\debug\manager.obj
c:\users\sebas\desktop\asign\terceraño\tpv2\tpv2_p2_asteroids_2021\tpv2\tpv2\x64\debug\entity.obj
c:\users\sebas\desktop\asign\terceraño\tpv2\tpv2_p2_asteroids_2021\tpv2\tpv2\x64\debug\health.obj
c:\users\sebas\desktop\asign\terceraño\tpv2\tpv2_p2_asteroids_2021\tpv2\tpv2\x64\debug\gun.obj
c:\users\sebas\desktop\asign\terceraño\tpv2\tpv2_p2_asteroids_2021\tpv2\tpv2\x64\debug\gamectrl.obj
c:\users\sebas\desktop\asign\terceraño\tpv2\tpv2_p2_asteroids_2021\tpv2\tpv2\x64\debug\framedimage.obj
c:\users\sebas\desktop\asign\terceraño\tpv2\tpv2_p2_asteroids_2021\tpv2\tpv2\x64\debug\collisionsmanager.obj
c:\users\sebas\desktop\asign\terceraño\tpv2\tpv2_p2_asteroids_2021\tpv2\tpv2\x64\debug\asteroidsmanager.obj
c:\users\sebas\desktop\asign\terceraño\tpv2\tpv2_p2_asteroids_2021\tpv2\tpv2\x64\debug\vector2d.obj
c:\users\sebas\desktop\asign\terceraño\tpv2\tpv2_p2_asteroids_2021\tpv2\tpv2\x64\debug\collisions.obj
c:\users\sebas\desktop\asign\terceraño\tpv2\tpv2_p2_asteroids_2021\tpv2\tpv2\x64\debug\rendersystem.obj
c:\users\sebas\desktop\asign\terceraño\tpv2\tpv2_p2_asteroids_2021\tpv2\tpv2\x64\debug\gamectrlsystem.obj
c:\users\sebas\desktop\asign\terceraño\tpv2\tpv2_p2_asteroids_2021\tpv2\bin\tpv2debug.pdb
c:\users\sebas\desktop\asign\terceraño\tpv2\tpv2_p2_asteroids_2021\tpv2\tpv2\x64\debug\tpv2.tlog\cl.command.1.tlog
c:\users\sebas\desktop\asign\terceraño\tpv2\tpv2_p2_asteroids_2021\tpv2\tpv2\x64\debug\tpv2.tlog\cl.read.1.tlog
c:\users\sebas\desktop\asign\terceraño\tpv2\tpv2_p2_asteroids_2021\tpv2\tpv2\x64\debug\tpv2.tlog\cl.write.1.tlog
c:\users\sebas\desktop\asign\terceraño\tpv2\tpv2_p2_asteroids_2021\tpv2\tpv2\x64\debug\tpv2.tlog\link-cvtres.read.1.tlog
c:\users\sebas\desktop\asign\terceraño\tpv2\tpv2_p2_asteroids_2021\tpv2\tpv2\x64\debug\tpv2.tlog\link-cvtres.write.1.tlog
c:\users\sebas\desktop\asign\terceraño\tpv2\tpv2_p2_asteroids_2021\tpv2\tpv2\x64\debug\tpv2.tlog\link-rc.read.1.tlog
c:\users\sebas\desktop\asign\terceraño\tpv2\tpv2_p2_asteroids_2021\tpv2\tpv2\x64\debug\tpv2.tlog\link-rc.write.1.tlog
c:\users\sebas\desktop\asign\terceraño\tpv2\tpv2_p2_asteroids_2021\tpv2\tpv2\x64\debug\tpv2.tlog\link.command.1.tlog
c:\users\sebas\desktop\asign\terceraño\tpv2\tpv2_p2_asteroids_2021\tpv2\tpv2\x64\debug\tpv2.tlog\link.read.1.tlog
c:\users\sebas\desktop\asign\terceraño\tpv2\tpv2_p2_asteroids_2021\tpv2\tpv2\x64\debug\tpv2.tlog\link.write.1.tlog
