  GameCtrlSystem.cpp
C:\Users\Aida\Documents\Carrera\PRACTICA2TPV\TPV2_P2_ASTEROIDS_2021\TPV2\TPV2\components\FighterCtrl.h(17,1): warning C4305: '=': truncamiento de 'double' a 'float'
AsteroidsSystem.obj : error LNK2019: símbolo externo SDL_RenderCopyEx sin resolver al que se hace referencia en la función "public: __cdecl std::basic_string<char,struct std::char_traits<char>,class std::allocator<char> >::~basic_string<char,struct std::char_traits<char>,class std::allocator<char> >(void)" (??1?$basic_string@DU?$char_traits@D@std@@V?$allocator@D@2@@std@@QEAA@XZ)
BulletSystem.obj : error LNK2001: símbolo externo SDL_RenderCopyEx sin resolver
FighterSystem.obj : error LNK2001: símbolo externo SDL_RenderCopyEx sin resolver
AsteroidsManager.obj : error LNK2001: símbolo externo SDL_RenderCopyEx sin resolver
GameCtrl.obj : error LNK2001: símbolo externo SDL_RenderCopyEx sin resolver
Gun.obj : error LNK2001: símbolo externo SDL_RenderCopyEx sin resolver
Health.obj : error LNK2001: símbolo externo SDL_RenderCopyEx sin resolver
SDLUtils.obj : error LNK2001: símbolo externo SDL_GetTicks sin resolver
AsteroidsSystem.obj : error LNK2001: símbolo externo SDL_GetTicks sin resolver
FighterSystem.obj : error LNK2001: símbolo externo SDL_GetTicks sin resolver
AsteroidsManager.obj : error LNK2001: símbolo externo SDL_GetTicks sin resolver
Gun.obj : error LNK2001: símbolo externo SDL_GetTicks sin resolver
Game.obj : error LNK2001: símbolo externo SDL_GetTicks sin resolver
sdlutils_demo.obj : error LNK2001: símbolo externo SDL_GetTicks sin resolver
sdlutils_demo.obj : error LNK2001: símbolo externo SDL_GetKeyboardState sin resolver
FighterSystem.obj : error LNK2001: símbolo externo SDL_GetKeyboardState sin resolver
GameCtrl.obj : error LNK2001: símbolo externo SDL_GetKeyboardState sin resolver
Gun.obj : error LNK2001: símbolo externo SDL_GetKeyboardState sin resolver
State.obj : error LNK2001: símbolo externo SDL_GetKeyboardState sin resolver
Game.obj : error LNK2001: símbolo externo SDL_GetKeyboardState sin resolver
GameCtrl.obj : error LNK2019: símbolo externo Mix_PlayChannelTimed sin resolver al que se hace referencia en la función "public: int __cdecl SoundEffect::play(int,int)const " (?play@SoundEffect@@QEBAHHH@Z)
Gun.obj : error LNK2001: símbolo externo Mix_PlayChannelTimed sin resolver
BulletSystem.obj : error LNK2001: símbolo externo Mix_PlayChannelTimed sin resolver
FighterSystem.obj : error LNK2001: símbolo externo Mix_PlayChannelTimed sin resolver
Gun.obj : error LNK2019: símbolo externo SDL_GetScancodeFromKey sin resolver al que se hace referencia en la función "public: bool __cdecl InputHandler::isKeyDown(int)" (?isKeyDown@InputHandler@@QEAA_NH@Z)
FighterSystem.obj : error LNK2001: símbolo externo SDL_GetScancodeFromKey sin resolver
State.obj : error LNK2019: símbolo externo SDL_RenderCopy sin resolver al que se hace referencia en la función "public: void __cdecl Texture::render(struct SDL_Rect const &,struct SDL_Rect const &)" (?render@Texture@@QEAAXAEBUSDL_Rect@@0@Z)
sdlutils_demo.obj : error LNK2001: símbolo externo SDL_RenderCopy sin resolver
Game.obj : error LNK2019: símbolo externo SDL_PollEvent sin resolver al que se hace referencia en la función "public: void __cdecl Game::start(void)" (?start@Game@@QEAAXXZ)
sdlutils_demo.obj : error LNK2001: símbolo externo SDL_PollEvent sin resolver
Game.obj : error LNK2019: símbolo externo SDL_SetRenderDrawColor sin resolver al que se hace referencia en la función "public: void __cdecl SDLUtils::clearRenderer(struct SDL_Color)" (?clearRenderer@SDLUtils@@QEAAXUSDL_Color@@@Z)
sdlutils_demo.obj : error LNK2001: símbolo externo SDL_SetRenderDrawColor sin resolver
Game.obj : error LNK2019: símbolo externo SDL_RenderClear sin resolver al que se hace referencia en la función "public: void __cdecl SDLUtils::clearRenderer(struct SDL_Color)" (?clearRenderer@SDLUtils@@QEAAXUSDL_Color@@@Z)
sdlutils_demo.obj : error LNK2001: símbolo externo SDL_RenderClear sin resolver
Game.obj : error LNK2019: símbolo externo SDL_RenderPresent sin resolver al que se hace referencia en la función "public: void __cdecl SDLUtils::presentRenderer(void)" (?presentRenderer@SDLUtils@@QEAAXXZ)
sdlutils_demo.obj : error LNK2001: símbolo externo SDL_RenderPresent sin resolver
Game.obj : error LNK2019: símbolo externo SDL_Delay sin resolver al que se hace referencia en la función "public: void __cdecl Game::start(void)" (?start@Game@@QEAAXXZ)
sdlutils_demo.obj : error LNK2001: símbolo externo SDL_Delay sin resolver
sdlutils_demo.obj : error LNK2019: símbolo externo SDL_DestroyTexture sin resolver al que se hace referencia en la función "public: virtual __cdecl Texture::~Texture(void)" (??1Texture@@UEAA@XZ)
SDLUtils.obj : error LNK2001: símbolo externo SDL_DestroyTexture sin resolver
Texture.obj : error LNK2001: símbolo externo SDL_DestroyTexture sin resolver
sdlutils_demo.obj : error LNK2019: símbolo externo Mix_PlayMusic sin resolver al que se hace referencia en la función "public: void __cdecl Music::play(int)const " (?play@Music@@QEBAXH@Z)
sdlutils_demo.obj : error LNK2019: símbolo externo Mix_HaltMusic sin resolver al que se hace referencia en la función "public: static void __cdecl Music::haltMusic(void)" (?haltMusic@Music@@SAXXZ)
SDLUtils.obj : error LNK2019: símbolo externo SDL_RWFromFile sin resolver al que se hace referencia en la función "public: __cdecl SoundEffect::SoundEffect(class std::basic_string<char,struct std::char_traits<char>,class std::allocator<char> > const &)" (??0SoundEffect@@QEAA@AEBV?$basic_string@DU?$char_traits@D@std@@V?$allocator@D@2@@std@@@Z)
SDLUtils.obj : error LNK2019: símbolo externo SDL_CreateWindow sin resolver al que se hace referencia en la función "private: void __cdecl SDLUtils::initWindow(void)" (?initWindow@SDLUtils@@AEAAXXZ)
SDLUtils.obj : error LNK2019: símbolo externo SDL_DestroyWindow sin resolver al que se hace referencia en la función "private: void __cdecl SDLUtils::closeWindow(void)" (?closeWindow@SDLUtils@@AEAAXXZ)
SDLUtils.obj : error LNK2019: símbolo externo SDL_ShowCursor sin resolver al que se hace referencia en la función "public: void __cdecl SDLUtils::hideCursor(void)" (?hideCursor@SDLUtils@@QEAAXXZ)
SDLUtils.obj : error LNK2019: símbolo externo SDL_CreateRenderer sin resolver al que se hace referencia en la función "private: void __cdecl SDLUtils::initWindow(void)" (?initWindow@SDLUtils@@AEAAXXZ)
SDLUtils.obj : error LNK2019: símbolo externo SDL_DestroyRenderer sin resolver al que se hace referencia en la función "private: void __cdecl SDLUtils::closeWindow(void)" (?closeWindow@SDLUtils@@AEAAXXZ)
SDLUtils.obj : error LNK2019: símbolo externo SDL_Init sin resolver al que se hace referencia en la función "private: void __cdecl SDLUtils::initWindow(void)" (?initWindow@SDLUtils@@AEAAXXZ)
SDLUtils.obj : error LNK2019: símbolo externo SDL_Quit sin resolver al que se hace referencia en la función "private: void __cdecl SDLUtils::closeWindow(void)" (?closeWindow@SDLUtils@@AEAAXXZ)
SDLUtils.obj : error LNK2019: símbolo externo TTF_Init sin resolver al que se hace referencia en la función "private: void __cdecl SDLUtils::initSDLExtensions(void)" (?initSDLExtensions@SDLUtils@@AEAAXXZ)
SDLUtils.obj : error LNK2019: símbolo externo TTF_OpenFont sin resolver al que se hace referencia en la función "public: __cdecl Font::Font(class std::basic_string<char,struct std::char_traits<char>,class std::allocator<char> > const &,int)" (??0Font@@QEAA@AEBV?$basic_string@DU?$char_traits@D@std@@V?$allocator@D@2@@std@@H@Z)
SDLUtils.obj : error LNK2019: símbolo externo TTF_CloseFont sin resolver al que se hace referencia en la función "public: virtual __cdecl Font::~Font(void)" (??1Font@@UEAA@XZ)
SDLUtils.obj : error LNK2019: símbolo externo TTF_Quit sin resolver al que se hace referencia en la función "private: void __cdecl SDLUtils::closeSDLExtensions(void)" (?closeSDLExtensions@SDLUtils@@AEAAXXZ)
SDLUtils.obj : error LNK2019: símbolo externo Mix_Init sin resolver al que se hace referencia en la función "private: void __cdecl SDLUtils::initSDLExtensions(void)" (?initSDLExtensions@SDLUtils@@AEAAXXZ)
SDLUtils.obj : error LNK2019: símbolo externo Mix_Quit sin resolver al que se hace referencia en la función "private: void __cdecl SDLUtils::closeSDLExtensions(void)" (?closeSDLExtensions@SDLUtils@@AEAAXXZ)
SDLUtils.obj : error LNK2019: símbolo externo Mix_OpenAudio sin resolver al que se hace referencia en la función "private: void __cdecl SDLUtils::initSDLExtensions(void)" (?initSDLExtensions@SDLUtils@@AEAAXXZ)
SDLUtils.obj : error LNK2019: símbolo externo Mix_AllocateChannels sin resolver al que se hace referencia en la función "public: static int __cdecl SoundEffect::setNumberofChannels(int)" (?setNumberofChannels@SoundEffect@@SAHH@Z)
SDLUtils.obj : error LNK2019: símbolo externo Mix_LoadWAV_RW sin resolver al que se hace referencia en la función "public: __cdecl SoundEffect::SoundEffect(class std::basic_string<char,struct std::char_traits<char>,class std::allocator<char> > const &)" (??0SoundEffect@@QEAA@AEBV?$basic_string@DU?$char_traits@D@std@@V?$allocator@D@2@@std@@@Z)
SDLUtils.obj : error LNK2019: símbolo externo Mix_LoadMUS sin resolver al que se hace referencia en la función "public: __cdecl Music::Music(class std::basic_string<char,struct std::char_traits<char>,class std::allocator<char> > const &)" (??0Music@@QEAA@AEBV?$basic_string@DU?$char_traits@D@std@@V?$allocator@D@2@@std@@@Z)
SDLUtils.obj : error LNK2019: símbolo externo Mix_FreeChunk sin resolver al que se hace referencia en la función "public: virtual __cdecl SoundEffect::~SoundEffect(void)" (??1SoundEffect@@UEAA@XZ)
SDLUtils.obj : error LNK2019: símbolo externo Mix_FreeMusic sin resolver al que se hace referencia en la función "public: virtual __cdecl Music::~Music(void)" (??1Music@@UEAA@XZ)
SDLUtils.obj : error LNK2019: símbolo externo IMG_Init sin resolver al que se hace referencia en la función "private: void __cdecl SDLUtils::initSDLExtensions(void)" (?initSDLExtensions@SDLUtils@@AEAAXXZ)
SDLUtils.obj : error LNK2019: símbolo externo IMG_Quit sin resolver al que se hace referencia en la función "private: void __cdecl SDLUtils::closeSDLExtensions(void)" (?closeSDLExtensions@SDLUtils@@AEAAXXZ)
Texture.obj : error LNK2019: símbolo externo SDL_FreeSurface sin resolver al que se hace referencia en la función "public: __cdecl Texture::Texture(struct SDL_Renderer *,class std::basic_string<char,struct std::char_traits<char>,class std::allocator<char> > const &)" (??0Texture@@QEAA@PEAUSDL_Renderer@@AEBV?$basic_string@DU?$char_traits@D@std@@V?$allocator@D@2@@std@@@Z)
Texture.obj : error LNK2019: símbolo externo SDL_CreateTextureFromSurface sin resolver al que se hace referencia en la función "public: __cdecl Texture::Texture(struct SDL_Renderer *,class std::basic_string<char,struct std::char_traits<char>,class std::allocator<char> > const &)" (??0Texture@@QEAA@PEAUSDL_Renderer@@AEBV?$basic_string@DU?$char_traits@D@std@@V?$allocator@D@2@@std@@@Z)
Texture.obj : error LNK2019: símbolo externo IMG_Load sin resolver al que se hace referencia en la función "public: __cdecl Texture::Texture(struct SDL_Renderer *,class std::basic_string<char,struct std::char_traits<char>,class std::allocator<char> > const &)" (??0Texture@@QEAA@PEAUSDL_Renderer@@AEBV?$basic_string@DU?$char_traits@D@std@@V?$allocator@D@2@@std@@@Z)
Texture.obj : error LNK2019: símbolo externo TTF_RenderUTF8_Solid sin resolver al que se hace referencia en la función "public: struct SDL_Surface * __cdecl Font::renderText(class std::basic_string<char,struct std::char_traits<char>,class std::allocator<char> > const &,struct SDL_Color)const " (?renderText@Font@@QEBAPEAUSDL_Surface@@AEBV?$basic_string@DU?$char_traits@D@std@@V?$allocator@D@2@@std@@USDL_Color@@@Z)
Texture.obj : error LNK2019: símbolo externo TTF_RenderUTF8_Shaded sin resolver al que se hace referencia en la función "public: struct SDL_Surface * __cdecl Font::renderText(class std::basic_string<char,struct std::char_traits<char>,class std::allocator<char> > const &,struct SDL_Color,struct SDL_Color)const " (?renderText@Font@@QEBAPEAUSDL_Surface@@AEBV?$basic_string@DU?$char_traits@D@std@@V?$allocator@D@2@@std@@USDL_Color@@1@Z)
C:\Users\Aida\Documents\Carrera\PRACTICA2TPV\TPV2_P2_ASTEROIDS_2021\TPV2\SDL2-2.0.7\lib\x86\SDL2.lib : warning LNK4272: el tipo de máquina de biblioteca 'x86' está en conflicto con el tipo de máquina de destino 'x64'
C:\Users\Aida\Documents\Carrera\PRACTICA2TPV\TPV2_P2_ASTEROIDS_2021\TPV2\SDL2-2.0.7\lib\x86\SDL2main.lib : warning LNK4272: el tipo de máquina de biblioteca 'x86' está en conflicto con el tipo de máquina de destino 'x64'
C:\Users\Aida\Documents\Carrera\PRACTICA2TPV\TPV2_P2_ASTEROIDS_2021\TPV2\SDL2_image-2.0.1\lib\x86\SDL2_image.lib : warning LNK4272: el tipo de máquina de biblioteca 'x86' está en conflicto con el tipo de máquina de destino 'x64'
C:\Users\Aida\Documents\Carrera\PRACTICA2TPV\TPV2_P2_ASTEROIDS_2021\TPV2\SDL2_ttf-2.0.14\lib\x86\SDL2_ttf.lib : warning LNK4272: el tipo de máquina de biblioteca 'x86' está en conflicto con el tipo de máquina de destino 'x64'
C:\Users\Aida\Documents\Carrera\PRACTICA2TPV\TPV2_P2_ASTEROIDS_2021\TPV2\SDL2_mixer-2.0.2\lib\x86\SDL2_mixer.lib : warning LNK4272: el tipo de máquina de biblioteca 'x86' está en conflicto con el tipo de máquina de destino 'x64'
C:\Users\Aida\Documents\Carrera\PRACTICA2TPV\TPV2_P2_ASTEROIDS_2021\TPV2\SDL2_net-2.0.1\lib\x86\SDL2_net.lib : warning LNK4272: el tipo de máquina de biblioteca 'x86' está en conflicto con el tipo de máquina de destino 'x64'
C:\Users\Aida\Documents\Carrera\PRACTICA2TPV\TPV2_P2_ASTEROIDS_2021\TPV2\bin\TPV2Debug.exe : fatal error LNK1120: 41 externos sin resolver
