  Health.cpp
C:\Users\sebas\Desktop\ASIGN\TercerAño\TPV2\TPV2_P2_ASTEROIDS_2021\TPV2\TPV2\components\Health.cpp(28,32): warning C4244: 'argument': conversion from 'double' to 'float', possible loss of data
C:\Users\sebas\Desktop\ASIGN\TercerAño\TPV2\TPV2_P2_ASTEROIDS_2021\TPV2\TPV2\ecs\Entity.h(36,32): warning C4244: 'argument': conversion from '_Ty' to 'float', possible loss of data
          with
          [
              _Ty=double
          ]
C:\Users\sebas\Desktop\ASIGN\TercerAño\TPV2\TPV2_P2_ASTEROIDS_2021\TPV2\TPV2\components\Health.cpp(30): message : see reference to function template instantiation 'T *Entity::addComponent<Transform,Vector2D&,Vector2D,double,double,double>(Vector2D &,Vector2D &&,double &&,double &&,double &&)' being compiled
          with
          [
              T=Transform
          ]
  Game.cpp
C:\Users\sebas\Desktop\ASIGN\TercerAño\TPV2\TPV2_P2_ASTEROIDS_2021\TPV2\TPV2\components\ShowAtOppositeSide.h(28,29): warning C4244: 'argument': conversion from 'int' to 'float', possible loss of data
C:\Users\sebas\Desktop\ASIGN\TercerAño\TPV2\TPV2_P2_ASTEROIDS_2021\TPV2\TPV2\components\ShowAtOppositeSide.h(36,30): warning C4244: 'argument': conversion from 'int' to 'float', possible loss of data
C:\Users\sebas\Desktop\ASIGN\TercerAño\TPV2\TPV2_P2_ASTEROIDS_2021\TPV2\TPV2\components\FramedImage.h(48,43): warning C4244: '=': conversion from 'Uint32' to 'float', possible loss of data
C:\Users\sebas\Desktop\ASIGN\TercerAño\TPV2\TPV2_P2_ASTEROIDS_2021\TPV2\TPV2\components\FighterCtrl.h(17,1): warning C4305: '=': truncation from 'double' to 'float'
  GameCtrlSystem.cpp
C:\Users\sebas\Desktop\ASIGN\TercerAño\TPV2\TPV2_P2_ASTEROIDS_2021\TPV2\TPV2\components\FighterCtrl.h(17,1): warning C4305: '=': truncation from 'double' to 'float'
C:\Users\sebas\Desktop\ASIGN\TercerAño\TPV2\TPV2_P2_ASTEROIDS_2021\TPV2\TPV2\system\GameCtrlSystem.cpp(8,20): warning C4018: '<': signed/unsigned mismatch
C:\Users\sebas\Desktop\ASIGN\TercerAño\TPV2\TPV2_P2_ASTEROIDS_2021\TPV2\TPV2\system\GameCtrlSystem.cpp(27,20): warning C4018: '<': signed/unsigned mismatch
  Generating Code...
  TPV2.vcxproj -> C:\Users\sebas\Desktop\ASIGN\TercerAño\TPV2\TPV2_P2_ASTEROIDS_2021\TPV2\bin\TPV2Debug.exe
