c:\users\sebas\desktop\asign\terceraño\tpv2\tpv2_p2_asteroids_2021\tpv2\tpv2\debug\vc142.pdb
c:\users\sebas\desktop\asign\terceraño\tpv2\tpv2_p2_asteroids_2021\tpv2\tpv2\debug\vc142.idb
c:\users\sebas\desktop\asign\terceraño\tpv2\tpv2_p2_asteroids_2021\tpv2\tpv2\debug\gamectrlsystem.obj
c:\users\sebas\desktop\asign\terceraño\tpv2\tpv2_p2_asteroids_2021\tpv2\tpv2\debug\fightersystem.obj
c:\users\sebas\desktop\asign\terceraño\tpv2\tpv2_p2_asteroids_2021\tpv2\tpv2\debug\texture.obj
c:\users\sebas\desktop\asign\terceraño\tpv2\tpv2_p2_asteroids_2021\tpv2\tpv2\debug\soundeffect.obj
c:\users\sebas\desktop\asign\terceraño\tpv2\tpv2_p2_asteroids_2021\tpv2\tpv2\debug\sdlutils.obj
c:\users\sebas\desktop\asign\terceraño\tpv2\tpv2_p2_asteroids_2021\tpv2\tpv2\debug\sdlutils_demo.obj
c:\users\sebas\desktop\asign\terceraño\tpv2\tpv2_p2_asteroids_2021\tpv2\tpv2\debug\main.obj
c:\users\sebas\desktop\asign\terceraño\tpv2\tpv2_p2_asteroids_2021\tpv2\tpv2\debug\jsonvalue.obj
c:\users\sebas\desktop\asign\terceraño\tpv2\tpv2_p2_asteroids_2021\tpv2\tpv2\debug\json.obj
c:\users\sebas\desktop\asign\terceraño\tpv2\tpv2_p2_asteroids_2021\tpv2\tpv2\debug\somplejson_demo.obj
c:\users\sebas\desktop\asign\terceraño\tpv2\tpv2_p2_asteroids_2021\tpv2\tpv2\debug\health.obj
c:\users\sebas\desktop\asign\terceraño\tpv2\tpv2_p2_asteroids_2021\tpv2\tpv2\debug\manager.obj
c:\users\sebas\desktop\asign\terceraño\tpv2\tpv2_p2_asteroids_2021\tpv2\tpv2\debug\entity.obj
c:\users\sebas\desktop\asign\terceraño\tpv2\tpv2_p2_asteroids_2021\tpv2\tpv2\debug\state.obj
c:\users\sebas\desktop\asign\terceraño\tpv2\tpv2_p2_asteroids_2021\tpv2\tpv2\debug\gun.obj
c:\users\sebas\desktop\asign\terceraño\tpv2\tpv2_p2_asteroids_2021\tpv2\tpv2\debug\gamectrl.obj
c:\users\sebas\desktop\asign\terceraño\tpv2\tpv2_p2_asteroids_2021\tpv2\tpv2\debug\framedimage.obj
c:\users\sebas\desktop\asign\terceraño\tpv2\tpv2_p2_asteroids_2021\tpv2\tpv2\debug\collisionsmanager.obj
c:\users\sebas\desktop\asign\terceraño\tpv2\tpv2_p2_asteroids_2021\tpv2\tpv2\debug\asteroidsmanager.obj
c:\users\sebas\desktop\asign\terceraño\tpv2\tpv2_p2_asteroids_2021\tpv2\tpv2\debug\vector2d.obj
c:\users\sebas\desktop\asign\terceraño\tpv2\tpv2_p2_asteroids_2021\tpv2\tpv2\debug\collisions.obj
c:\users\sebas\desktop\asign\terceraño\tpv2\tpv2_p2_asteroids_2021\tpv2\tpv2\debug\tpv2.tlog\cl.command.1.tlog
c:\users\sebas\desktop\asign\terceraño\tpv2\tpv2_p2_asteroids_2021\tpv2\tpv2\debug\tpv2.tlog\cl.read.1.tlog
c:\users\sebas\desktop\asign\terceraño\tpv2\tpv2_p2_asteroids_2021\tpv2\tpv2\debug\tpv2.tlog\cl.write.1.tlog
